2019-05-10 11:39:30
2019-05-10 11:39:43
2019-05-10 11:48:10<xml><ToUserName><![CDATA[gh_674105883d75]]></ToUserName>
<FromUserName><![CDATA[ojOMz5vve_NeK-jQJkpKdTJx-O5I]]></FromUserName>
<CreateTime>1557460089</CreateTime>
<MsgType><![CDATA[text]]></MsgType>
<Content><![CDATA[111]]></Content>
<MsgId>22297466228588715</MsgId>
</xml>
2019-05-10 11:48:40<xml><ToUserName><![CDATA[gh_674105883d75]]></ToUserName>
<FromUserName><![CDATA[ojOMz5vve_NeK-jQJkpKdTJx-O5I]]></FromUserName>
<CreateTime>1557460119</CreateTime>
<MsgType><![CDATA[text]]></MsgType>
<Content><![CDATA[222]]></Content>
<MsgId>22297465204260004</MsgId>
</xml>
2019-05-10 11:49:36<xml><ToUserName><![CDATA[gh_674105883d75]]></ToUserName>
<FromUserName><![CDATA[ojOMz5vve_NeK-jQJkpKdTJx-O5I]]></FromUserName>
<CreateTime>1557460176</CreateTime>
<MsgType><![CDATA[text]]></MsgType>
<Content><![CDATA[22]]></Content>
<MsgId>22297467223949916</MsgId>
</xml>
2019-05-10 11:54:38<xml><ToUserName><![CDATA[gh_674105883d75]]></ToUserName>
<FromUserName><![CDATA[ojOMz5vve_NeK-jQJkpKdTJx-O5I]]></FromUserName>
<CreateTime>1557460477</CreateTime>
<MsgType><![CDATA[event]]></MsgType>
<Event><![CDATA[CLICK]]></Event>
<EventKey><![CDATA[V1001_GOOD]]></EventKey>
</xml>
2019-05-10 11:54:41<xml><ToUserName><![CDATA[gh_674105883d75]]></ToUserName>
<FromUserName><![CDATA[ojOMz5vve_NeK-jQJkpKdTJx-O5I]]></FromUserName>
<CreateTime>1557460481</CreateTime>
<MsgType><![CDATA[event]]></MsgType>
<Event><![CDATA[CLICK]]></Event>
<EventKey><![CDATA[V1001_001]]></EventKey>
</xml>
2019-05-10 14:11:39<xml><ToUserName><![CDATA[gh_674105883d75]]></ToUserName>
<FromUserName><![CDATA[ojOMz5vve_NeK-jQJkpKdTJx-O5I]]></FromUserName>
<CreateTime>1557468699</CreateTime>
<MsgType><![CDATA[event]]></MsgType>
<Event><![CDATA[CLICK]]></Event>
<EventKey><![CDATA[V1001_GOOD]]></EventKey>
</xml>
2019-05-10 14:11:46<xml><ToUserName><![CDATA[gh_674105883d75]]></ToUserName>
<FromUserName><![CDATA[ojOMz5vve_NeK-jQJkpKdTJx-O5I]]></FromUserName>
<CreateTime>1557468705</CreateTime>
<MsgType><![CDATA[event]]></MsgType>
<Event><![CDATA[CLICK]]></Event>
<EventKey><![CDATA[V1001_001]]></EventKey>
</xml>
2019-05-10 14:12:10<xml><ToUserName><![CDATA[gh_674105883d75]]></ToUserName>
<FromUserName><![CDATA[ojOMz5vve_NeK-jQJkpKdTJx-O5I]]></FromUserName>
<CreateTime>1557468730</CreateTime>
<MsgType><![CDATA[event]]></MsgType>
<Event><![CDATA[CLICK]]></Event>
<EventKey><![CDATA[V1001_GOOD]]></EventKey>
</xml>
2019-05-10 14:12:13<xml><ToUserName><![CDATA[gh_674105883d75]]></ToUserName>
<FromUserName><![CDATA[ojOMz5vve_NeK-jQJkpKdTJx-O5I]]></FromUserName>
<CreateTime>1557468733</CreateTime>
<MsgType><![CDATA[event]]></MsgType>
<Event><![CDATA[CLICK]]></Event>
<EventKey><![CDATA[V1001_001]]></EventKey>
</xml>
2019-05-10 14:22:31<xml><ToUserName><![CDATA[gh_674105883d75]]></ToUserName>
<FromUserName><![CDATA[ojOMz5vve_NeK-jQJkpKdTJx-O5I]]></FromUserName>
<CreateTime>1557469351</CreateTime>
<MsgType><![CDATA[event]]></MsgType>
<Event><![CDATA[CLICK]]></Event>
<EventKey><![CDATA[V1001_GOOD]]></EventKey>
</xml>
2019-05-10 14:22:40<xml><ToUserName><![CDATA[gh_674105883d75]]></ToUserName>
<FromUserName><![CDATA[ojOMz5vve_NeK-jQJkpKdTJx-O5I]]></FromUserName>
<CreateTime>1557469360</CreateTime>
<MsgType><![CDATA[event]]></MsgType>
<Event><![CDATA[CLICK]]></Event>
<EventKey><![CDATA[V1001_001]]></EventKey>
</xml>
2019-05-10 14:22:57<xml><ToUserName><![CDATA[gh_674105883d75]]></ToUserName>
<FromUserName><![CDATA[ojOMz5vve_NeK-jQJkpKdTJx-O5I]]></FromUserName>
<CreateTime>1557469377</CreateTime>
<MsgType><![CDATA[text]]></MsgType>
<Content><![CDATA[杜甫]]></Content>
<MsgId>22297599321021196</MsgId>
</xml>
2019-05-10 14:23:07<xml><ToUserName><![CDATA[gh_674105883d75]]></ToUserName>
<FromUserName><![CDATA[ojOMz5vve_NeK-jQJkpKdTJx-O5I]]></FromUserName>
<CreateTime>1557469386</CreateTime>
<MsgType><![CDATA[event]]></MsgType>
<Event><![CDATA[CLICK]]></Event>
<EventKey><![CDATA[V1001_GOOD]]></EventKey>
</xml>
2019-05-10 14:24:25<xml><ToUserName><![CDATA[gh_674105883d75]]></ToUserName>
<FromUserName><![CDATA[ojOMz5vve_NeK-jQJkpKdTJx-O5I]]></FromUserName>
<CreateTime>1557469465</CreateTime>
<MsgType><![CDATA[event]]></MsgType>
<Event><![CDATA[CLICK]]></Event>
<EventKey><![CDATA[V1001_001]]></EventKey>
</xml>
2019-05-10 14:24:39<xml><ToUserName><![CDATA[gh_674105883d75]]></ToUserName>
<FromUserName><![CDATA[ojOMz5vve_NeK-jQJkpKdTJx-O5I]]></FromUserName>
<CreateTime>1557469479</CreateTime>
<MsgType><![CDATA[event]]></MsgType>
<Event><![CDATA[CLICK]]></Event>
<EventKey><![CDATA[V1001_GOOD]]></EventKey>
</xml>
2019-05-10 14:25:28<xml><ToUserName><![CDATA[gh_674105883d75]]></ToUserName>
<FromUserName><![CDATA[ojOMz5vve_NeK-jQJkpKdTJx-O5I]]></FromUserName>
<CreateTime>1557469528</CreateTime>
<MsgType><![CDATA[event]]></MsgType>
<Event><![CDATA[CLICK]]></Event>
<EventKey><![CDATA[V1001_GOOD]]></EventKey>
</xml>
2019-05-10 14:26:51<xml><ToUserName><![CDATA[gh_674105883d75]]></ToUserName>
<FromUserName><![CDATA[ojOMz5vve_NeK-jQJkpKdTJx-O5I]]></FromUserName>
<CreateTime>1557469611</CreateTime>
<MsgType><![CDATA[event]]></MsgType>
<Event><![CDATA[CLICK]]></Event>
<EventKey><![CDATA[V1001_001]]></EventKey>
</xml>
2019-05-10 14:27:43<xml><ToUserName><![CDATA[gh_674105883d75]]></ToUserName>
<FromUserName><![CDATA[ojOMz5vve_NeK-jQJkpKdTJx-O5I]]></FromUserName>
<CreateTime>1557469663</CreateTime>
<MsgType><![CDATA[event]]></MsgType>
<Event><![CDATA[CLICK]]></Event>
<EventKey><![CDATA[V1001_001]]></EventKey>
</xml>
2019-05-10 14:27:51<xml><ToUserName><![CDATA[gh_674105883d75]]></ToUserName>
<FromUserName><![CDATA[ojOMz5vve_NeK-jQJkpKdTJx-O5I]]></FromUserName>
<CreateTime>1557469671</CreateTime>
<MsgType><![CDATA[event]]></MsgType>
<Event><![CDATA[CLICK]]></Event>
<EventKey><![CDATA[V1001_GOOD]]></EventKey>
</xml>
2019-05-10 14:28:01<xml><ToUserName><![CDATA[gh_674105883d75]]></ToUserName>
<FromUserName><![CDATA[ojOMz5vve_NeK-jQJkpKdTJx-O5I]]></FromUserName>
<CreateTime>1557469680</CreateTime>
<MsgType><![CDATA[event]]></MsgType>
<Event><![CDATA[CLICK]]></Event>
<EventKey><![CDATA[V1001_001]]></EventKey>
</xml>
2019-05-10 14:28:28<xml><ToUserName><![CDATA[gh_674105883d75]]></ToUserName>
<FromUserName><![CDATA[ojOMz5vve_NeK-jQJkpKdTJx-O5I]]></FromUserName>
<CreateTime>1557469708</CreateTime>
<MsgType><![CDATA[event]]></MsgType>
<Event><![CDATA[CLICK]]></Event>
<EventKey><![CDATA[V1001_GOOD]]></EventKey>
</xml>
2019-05-10 14:28:36<xml><ToUserName><![CDATA[gh_674105883d75]]></ToUserName>
<FromUserName><![CDATA[ojOMz5vve_NeK-jQJkpKdTJx-O5I]]></FromUserName>
<CreateTime>1557469716</CreateTime>
<MsgType><![CDATA[event]]></MsgType>
<Event><![CDATA[CLICK]]></Event>
<EventKey><![CDATA[V1001_001]]></EventKey>
</xml>
2019-05-10 14:28:45<xml><ToUserName><![CDATA[gh_674105883d75]]></ToUserName>
<FromUserName><![CDATA[ojOMz5vve_NeK-jQJkpKdTJx-O5I]]></FromUserName>
<CreateTime>1557469725</CreateTime>
<MsgType><![CDATA[event]]></MsgType>
<Event><![CDATA[CLICK]]></Event>
<EventKey><![CDATA[V1001_GOOD]]></EventKey>
</xml>
2019-05-10 14:29:12<xml><ToUserName><![CDATA[gh_674105883d75]]></ToUserName>
<FromUserName><![CDATA[ojOMz5vve_NeK-jQJkpKdTJx-O5I]]></FromUserName>
<CreateTime>1557469752</CreateTime>
<MsgType><![CDATA[event]]></MsgType>
<Event><![CDATA[CLICK]]></Event>
<EventKey><![CDATA[V1001_001]]></EventKey>
</xml>
2019-05-10 14:29:19<xml><ToUserName><![CDATA[gh_674105883d75]]></ToUserName>
<FromUserName><![CDATA[ojOMz5vve_NeK-jQJkpKdTJx-O5I]]></FromUserName>
<CreateTime>1557469759</CreateTime>
<MsgType><![CDATA[event]]></MsgType>
<Event><![CDATA[CLICK]]></Event>
<EventKey><![CDATA[V1001_GOOD]]></EventKey>
</xml>
2019-05-10 14:29:27<xml><ToUserName><![CDATA[gh_674105883d75]]></ToUserName>
<FromUserName><![CDATA[ojOMz5vve_NeK-jQJkpKdTJx-O5I]]></FromUserName>
<CreateTime>1557469767</CreateTime>
<MsgType><![CDATA[text]]></MsgType>
<Content><![CDATA[杜甫]]></Content>
<MsgId>22297605756200802</MsgId>
</xml>
2019-05-10 14:39:15<xml><ToUserName><![CDATA[gh_674105883d75]]></ToUserName>
<FromUserName><![CDATA[ojOMz5vve_NeK-jQJkpKdTJx-O5I]]></FromUserName>
<CreateTime>1557470355</CreateTime>
<MsgType><![CDATA[event]]></MsgType>
<Event><![CDATA[CLICK]]></Event>
<EventKey><![CDATA[V1001_GOOD]]></EventKey>
</xml>
2019-05-10 14:39:32<xml><ToUserName><![CDATA[gh_674105883d75]]></ToUserName>
<FromUserName><![CDATA[ojOMz5vve_NeK-jQJkpKdTJx-O5I]]></FromUserName>
<CreateTime>1557470372</CreateTime>
<MsgType><![CDATA[event]]></MsgType>
<Event><![CDATA[CLICK]]></Event>
<EventKey><![CDATA[V1001_001]]></EventKey>
</xml>
2019-05-10 15:20:10<xml><ToUserName><![CDATA[gh_674105883d75]]></ToUserName>
<FromUserName><![CDATA[ojOMz5vve_NeK-jQJkpKdTJx-O5I]]></FromUserName>
<CreateTime>1557472810</CreateTime>
<MsgType><![CDATA[event]]></MsgType>
<Event><![CDATA[CLICK]]></Event>
<EventKey><![CDATA[V1001_GOOD]]></EventKey>
</xml>
2019-05-10 15:20:23<xml><ToUserName><![CDATA[gh_674105883d75]]></ToUserName>
<FromUserName><![CDATA[ojOMz5vve_NeK-jQJkpKdTJx-O5I]]></FromUserName>
<CreateTime>1557472823</CreateTime>
<MsgType><![CDATA[text]]></MsgType>
<Content><![CDATA[杜甫]]></Content>
<MsgId>22297653375133142</MsgId>
</xml>
2019-05-10 15:20:24<xml><ToUserName><![CDATA[gh_674105883d75]]></ToUserName>
<FromUserName><![CDATA[ojOMz5vve_NeK-jQJkpKdTJx-O5I]]></FromUserName>
<CreateTime>1557472823</CreateTime>
<MsgType><![CDATA[text]]></MsgType>
<Content><![CDATA[杜甫]]></Content>
<MsgId>22297653375133142</MsgId>
</xml>
2019-05-10 15:20:24<xml><ToUserName><![CDATA[gh_674105883d75]]></ToUserName>
<FromUserName><![CDATA[ojOMz5vve_NeK-jQJkpKdTJx-O5I]]></FromUserName>
<CreateTime>1557472823</CreateTime>
<MsgType><![CDATA[text]]></MsgType>
<Content><![CDATA[杜甫]]></Content>
<MsgId>22297653375133142</MsgId>
</xml>
2019-05-10 15:21:03<xml><ToUserName><![CDATA[gh_674105883d75]]></ToUserName>
<FromUserName><![CDATA[ojOMz5vve_NeK-jQJkpKdTJx-O5I]]></FromUserName>
<CreateTime>1557472863</CreateTime>
<MsgType><![CDATA[event]]></MsgType>
<Event><![CDATA[CLICK]]></Event>
<EventKey><![CDATA[V1001_GOOD]]></EventKey>
</xml>
2019-05-10 15:25:47<xml><ToUserName><![CDATA[gh_674105883d75]]></ToUserName>
<FromUserName><![CDATA[ojOMz5vve_NeK-jQJkpKdTJx-O5I]]></FromUserName>
<CreateTime>1557473147</CreateTime>
<MsgType><![CDATA[event]]></MsgType>
<Event><![CDATA[CLICK]]></Event>
<EventKey><![CDATA[V1001_GOOD]]></EventKey>
</xml>
2019-05-10 15:26:01<xml><ToUserName><![CDATA[gh_674105883d75]]></ToUserName>
<FromUserName><![CDATA[ojOMz5vve_NeK-jQJkpKdTJx-O5I]]></FromUserName>
<CreateTime>1557473161</CreateTime>
<MsgType><![CDATA[text]]></MsgType>
<Content><![CDATA[杜甫]]></Content>
<MsgId>22297654393161058</MsgId>
</xml>
2019-05-10 15:26:02<xml><ToUserName><![CDATA[gh_674105883d75]]></ToUserName>
<FromUserName><![CDATA[ojOMz5vve_NeK-jQJkpKdTJx-O5I]]></FromUserName>
<CreateTime>1557473161</CreateTime>
<MsgType><![CDATA[text]]></MsgType>
<Content><![CDATA[杜甫]]></Content>
<MsgId>22297654393161058</MsgId>
</xml>
2019-05-10 15:26:02<xml><ToUserName><![CDATA[gh_674105883d75]]></ToUserName>
<FromUserName><![CDATA[ojOMz5vve_NeK-jQJkpKdTJx-O5I]]></FromUserName>
<CreateTime>1557473161</CreateTime>
<MsgType><![CDATA[text]]></MsgType>
<Content><![CDATA[杜甫]]></Content>
<MsgId>22297654393161058</MsgId>
</xml>
2019-05-10 15:27:33<xml><ToUserName><![CDATA[gh_674105883d75]]></ToUserName>
<FromUserName><![CDATA[ojOMz5vve_NeK-jQJkpKdTJx-O5I]]></FromUserName>
<CreateTime>1557473161</CreateTime>
<MsgType><![CDATA[text]]></MsgType>
<Content><![CDATA[杜甫]]></Content>
<MsgId>22297654393161058</MsgId>
</xml>
2019-05-10 15:28:30<xml><ToUserName><![CDATA[gh_674105883d75]]></ToUserName>
<FromUserName><![CDATA[ojOMz5vve_NeK-jQJkpKdTJx-O5I]]></FromUserName>
<CreateTime>1557473161</CreateTime>
<MsgType><![CDATA[text]]></MsgType>
<Content><![CDATA[杜甫]]></Content>
<MsgId>22297654393161058</MsgId>
</xml>
2019-05-10 15:28:35<xml><ToUserName><![CDATA[gh_674105883d75]]></ToUserName>
<FromUserName><![CDATA[ojOMz5vve_NeK-jQJkpKdTJx-O5I]]></FromUserName>
<CreateTime>1557473315</CreateTime>
<MsgType><![CDATA[event]]></MsgType>
<Event><![CDATA[CLICK]]></Event>
<EventKey><![CDATA[V1001_GOOD]]></EventKey>
</xml>
2019-05-10 15:28:43<xml><ToUserName><![CDATA[gh_674105883d75]]></ToUserName>
<FromUserName><![CDATA[ojOMz5vve_NeK-jQJkpKdTJx-O5I]]></FromUserName>
<CreateTime>1557473323</CreateTime>
<MsgType><![CDATA[text]]></MsgType>
<Content><![CDATA[杜甫]]></Content>
<MsgId>22297654993355894</MsgId>
</xml>
2019-05-10 15:40:34<xml><ToUserName><![CDATA[gh_674105883d75]]></ToUserName>
<FromUserName><![CDATA[ojOMz5vve_NeK-jQJkpKdTJx-O5I]]></FromUserName>
<CreateTime>1557474034</CreateTime>
<MsgType><![CDATA[event]]></MsgType>
<Event><![CDATA[CLICK]]></Event>
<EventKey><![CDATA[V1001_GOOD]]></EventKey>
</xml>
2019-05-10 15:40:43<xml><ToUserName><![CDATA[gh_674105883d75]]></ToUserName>
<FromUserName><![CDATA[ojOMz5vve_NeK-jQJkpKdTJx-O5I]]></FromUserName>
<CreateTime>1557474042</CreateTime>
<MsgType><![CDATA[text]]></MsgType>
<Content><![CDATA[李白]]></Content>
<MsgId>22297668982606826</MsgId>
</xml>
2019-05-10 15:40:43<xml><ToUserName><![CDATA[gh_674105883d75]]></ToUserName>
<FromUserName><![CDATA[ojOMz5vve_NeK-jQJkpKdTJx-O5I]]></FromUserName>
<CreateTime>1557474042</CreateTime>
<MsgType><![CDATA[text]]></MsgType>
<Content><![CDATA[李白]]></Content>
<MsgId>22297668982606826</MsgId>
</xml>
2019-05-10 15:40:44<xml><ToUserName><![CDATA[gh_674105883d75]]></ToUserName>
<FromUserName><![CDATA[ojOMz5vve_NeK-jQJkpKdTJx-O5I]]></FromUserName>
<CreateTime>1557474042</CreateTime>
<MsgType><![CDATA[text]]></MsgType>
<Content><![CDATA[李白]]></Content>
<MsgId>22297668982606826</MsgId>
</xml>
2019-05-10 15:41:04<xml><ToUserName><![CDATA[gh_674105883d75]]></ToUserName>
<FromUserName><![CDATA[ojOMz5vve_NeK-jQJkpKdTJx-O5I]]></FromUserName>
<CreateTime>1557473161</CreateTime>
<MsgType><![CDATA[text]]></MsgType>
<Content><![CDATA[杜甫]]></Content>
<MsgId>22297654393161058</MsgId>
</xml>
2019-05-10 15:41:46<xml><ToUserName><![CDATA[gh_674105883d75]]></ToUserName>
<FromUserName><![CDATA[ojOMz5vve_NeK-jQJkpKdTJx-O5I]]></FromUserName>
<CreateTime>1557473161</CreateTime>
<MsgType><![CDATA[text]]></MsgType>
<Content><![CDATA[杜甫]]></Content>
<MsgId>22297654393161058</MsgId>
</xml>
2019-05-10 15:42:21<xml><ToUserName><![CDATA[gh_674105883d75]]></ToUserName>
<FromUserName><![CDATA[ojOMz5vve_NeK-jQJkpKdTJx-O5I]]></FromUserName>
<CreateTime>1557473161</CreateTime>
<MsgType><![CDATA[text]]></MsgType>
<Content><![CDATA[杜甫]]></Content>
<MsgId>22297654393161058</MsgId>
</xml>
2019-05-10 15:43:07<xml><ToUserName><![CDATA[gh_674105883d75]]></ToUserName>
<FromUserName><![CDATA[ojOMz5vve_NeK-jQJkpKdTJx-O5I]]></FromUserName>
<CreateTime>1557474187</CreateTime>
<MsgType><![CDATA[event]]></MsgType>
<Event><![CDATA[CLICK]]></Event>
<EventKey><![CDATA[V1001_GOOD]]></EventKey>
</xml>
2019-05-10 15:43:13<xml><ToUserName><![CDATA[gh_674105883d75]]></ToUserName>
<FromUserName><![CDATA[ojOMz5vve_NeK-jQJkpKdTJx-O5I]]></FromUserName>
<CreateTime>1557474193</CreateTime>
<MsgType><![CDATA[text]]></MsgType>
<Content><![CDATA[李白]]></Content>
<MsgId>22297666456610978</MsgId>
</xml>
2019-05-10 16:12:29<xml><ToUserName><![CDATA[gh_674105883d75]]></ToUserName>
<FromUserName><![CDATA[ojOMz5vve_NeK-jQJkpKdTJx-O5I]]></FromUserName>
<CreateTime>1557475949</CreateTime>
<MsgType><![CDATA[event]]></MsgType>
<Event><![CDATA[CLICK]]></Event>
<EventKey><![CDATA[V1001_GOOD]]></EventKey>
</xml>
2019-05-10 16:12:35<xml><ToUserName><![CDATA[gh_674105883d75]]></ToUserName>
<FromUserName><![CDATA[ojOMz5vve_NeK-jQJkpKdTJx-O5I]]></FromUserName>
<CreateTime>1557475955</CreateTime>
<MsgType><![CDATA[text]]></MsgType>
<Content><![CDATA[杜甫]]></Content>
<MsgId>22297693768454953</MsgId>
</xml>
2019-05-10 16:12:43<xml><ToUserName><![CDATA[gh_674105883d75]]></ToUserName>
<FromUserName><![CDATA[ojOMz5vve_NeK-jQJkpKdTJx-O5I]]></FromUserName>
<CreateTime>1557475963</CreateTime>
<MsgType><![CDATA[text]]></MsgType>
<Content><![CDATA[我爱你]]></Content>
<MsgId>22297692352865285</MsgId>
</xml>
2019-05-10 16:48:53<xml><ToUserName><![CDATA[gh_674105883d75]]></ToUserName>
<FromUserName><![CDATA[ojOMz5vve_NeK-jQJkpKdTJx-O5I]]></FromUserName>
<CreateTime>1557478133</CreateTime>
<MsgType><![CDATA[event]]></MsgType>
<Event><![CDATA[CLICK]]></Event>
<EventKey><![CDATA[V1001_GOOD]]></EventKey>
</xml>
2019-05-10 16:49:06<xml><ToUserName><![CDATA[gh_674105883d75]]></ToUserName>
<FromUserName><![CDATA[ojOMz5vve_NeK-jQJkpKdTJx-O5I]]></FromUserName>
<CreateTime>1557478145</CreateTime>
<MsgType><![CDATA[text]]></MsgType>
<Content><![CDATA[哈哈]]></Content>
<MsgId>22297725497013117</MsgId>
</xml>
2019-05-10 16:49:14<xml><ToUserName><![CDATA[gh_674105883d75]]></ToUserName>
<FromUserName><![CDATA[ojOMz5vve_NeK-jQJkpKdTJx-O5I]]></FromUserName>
<CreateTime>1557478154</CreateTime>
<MsgType><![CDATA[text]]></MsgType>
<Content><![CDATA[哈哈]]></Content>
<MsgId>22297724578933898</MsgId>
</xml>
2019-05-10 16:58:05<xml><ToUserName><![CDATA[gh_674105883d75]]></ToUserName>
<FromUserName><![CDATA[ojOMz5vve_NeK-jQJkpKdTJx-O5I]]></FromUserName>
<CreateTime>1557478685</CreateTime>
<MsgType><![CDATA[event]]></MsgType>
<Event><![CDATA[CLICK]]></Event>
<EventKey><![CDATA[V1001_001]]></EventKey>
</xml>
2019-05-10 16:58:10<xml><ToUserName><![CDATA[gh_674105883d75]]></ToUserName>
<FromUserName><![CDATA[ojOMz5vve_NeK-jQJkpKdTJx-O5I]]></FromUserName>
<CreateTime>1557478690</CreateTime>
<MsgType><![CDATA[text]]></MsgType>
<Content><![CDATA[哈哈]]></Content>
<MsgId>22297733749506357</MsgId>
</xml>
2019-05-10 17:02:10<xml><ToUserName><![CDATA[gh_674105883d75]]></ToUserName>
<FromUserName><![CDATA[ojOMz5vve_NeK-jQJkpKdTJx-O5I]]></FromUserName>
<CreateTime>1557478930</CreateTime>
<MsgType><![CDATA[event]]></MsgType>
<Event><![CDATA[CLICK]]></Event>
<EventKey><![CDATA[V1001_001]]></EventKey>
</xml>
2019-05-10 17:02:18<xml><ToUserName><![CDATA[gh_674105883d75]]></ToUserName>
<FromUserName><![CDATA[ojOMz5vve_NeK-jQJkpKdTJx-O5I]]></FromUserName>
<CreateTime>1557478938</CreateTime>
<MsgType><![CDATA[text]]></MsgType>
<Content><![CDATA[李白]]></Content>
<MsgId>22297736593171299</MsgId>
</xml>
2019-05-10 18:36:47<xml><ToUserName><![CDATA[gh_674105883d75]]></ToUserName>
<FromUserName><![CDATA[ojOMz5vve_NeK-jQJkpKdTJx-O5I]]></FromUserName>
<CreateTime>1557484606</CreateTime>
<MsgType><![CDATA[event]]></MsgType>
<Event><![CDATA[CLICK]]></Event>
<EventKey><![CDATA[V1001_GOOD]]></EventKey>
</xml>
2019-05-10 18:36:59<xml><ToUserName><![CDATA[gh_674105883d75]]></ToUserName>
<FromUserName><![CDATA[ojOMz5vve_NeK-jQJkpKdTJx-O5I]]></FromUserName>
<CreateTime>1557484619</CreateTime>
<MsgType><![CDATA[text]]></MsgType>
<Content><![CDATA[杜甫]]></Content>
<MsgId>22297819722574363</MsgId>
</xml>
2019-05-10 18:37:16<xml><ToUserName><![CDATA[gh_674105883d75]]></ToUserName>
<FromUserName><![CDATA[ojOMz5vve_NeK-jQJkpKdTJx-O5I]]></FromUserName>
<CreateTime>1557484636</CreateTime>
<MsgType><![CDATA[text]]></MsgType>
<Content><![CDATA[他是个伟大的诗人]]></Content>
<MsgId>22297820561426076</MsgId>
</xml>
2019-05-13 08:34:01<xml><ToUserName><![CDATA[gh_674105883d75]]></ToUserName>
<FromUserName><![CDATA[ojOMz5vve_NeK-jQJkpKdTJx-O5I]]></FromUserName>
<CreateTime>1557707640</CreateTime>
<MsgType><![CDATA[text]]></MsgType>
<Content><![CDATA[1]]></Content>
<MsgId>22301010469436063</MsgId>
</xml>
2019-05-13 08:34:08<xml><ToUserName><![CDATA[gh_674105883d75]]></ToUserName>
<FromUserName><![CDATA[ojOMz5vve_NeK-jQJkpKdTJx-O5I]]></FromUserName>
<CreateTime>1557707648</CreateTime>
<MsgType><![CDATA[text]]></MsgType>
<Content><![CDATA[2]]></Content>
<MsgId>22301009015588865</MsgId>
</xml>
2019-05-13 08:34:33<xml><ToUserName><![CDATA[gh_674105883d75]]></ToUserName>
<FromUserName><![CDATA[ojOMz5vve_NeK-jQJkpKdTJx-O5I]]></FromUserName>
<CreateTime>1557707672</CreateTime>
<MsgType><![CDATA[text]]></MsgType>
<Content><![CDATA[1]]></Content>
<MsgId>22301009712040745</MsgId>
</xml>
2019-05-13 08:35:04<xml><ToUserName><![CDATA[gh_674105883d75]]></ToUserName>
<FromUserName><![CDATA[ojOMz5vve_NeK-jQJkpKdTJx-O5I]]></FromUserName>
<CreateTime>1557707704</CreateTime>
<MsgType><![CDATA[text]]></MsgType>
<Content><![CDATA[1]]></Content>
<MsgId>22301016271703287</MsgId>
</xml>
2019-05-13 08:35:10<xml><ToUserName><![CDATA[gh_674105883d75]]></ToUserName>
<FromUserName><![CDATA[ojOMz5vve_NeK-jQJkpKdTJx-O5I]]></FromUserName>
<CreateTime>1557707710</CreateTime>
<MsgType><![CDATA[event]]></MsgType>
<Event><![CDATA[unsubscribe]]></Event>
<EventKey><![CDATA[]]></EventKey>
</xml>
2019-05-13 08:35:22<xml><ToUserName><![CDATA[gh_674105883d75]]></ToUserName>
<FromUserName><![CDATA[ojOMz5vve_NeK-jQJkpKdTJx-O5I]]></FromUserName>
<CreateTime>1557707721</CreateTime>
<MsgType><![CDATA[event]]></MsgType>
<Event><![CDATA[subscribe]]></Event>
<EventKey><![CDATA[]]></EventKey>
</xml>
2019-05-13 08:35:27<xml><ToUserName><![CDATA[gh_674105883d75]]></ToUserName>
<FromUserName><![CDATA[ojOMz5vve_NeK-jQJkpKdTJx-O5I]]></FromUserName>
<CreateTime>1557707726</CreateTime>
<MsgType><![CDATA[text]]></MsgType>
<Content><![CDATA[1]]></Content>
<MsgId>22301012755047812</MsgId>
</xml>
2019-05-13 08:36:05<xml><ToUserName><![CDATA[gh_674105883d75]]></ToUserName>
<FromUserName><![CDATA[ojOMz5vve_NeK-jQJkpKdTJx-O5I]]></FromUserName>
<CreateTime>1557707765</CreateTime>
<MsgType><![CDATA[text]]></MsgType>
<Content><![CDATA[1]]></Content>
<MsgId>22301014646756136</MsgId>
</xml>
2019-05-13 08:36:10<xml><ToUserName><![CDATA[gh_674105883d75]]></ToUserName>
<FromUserName><![CDATA[ojOMz5vve_NeK-jQJkpKdTJx-O5I]]></FromUserName>
<CreateTime>1557707769</CreateTime>
<MsgType><![CDATA[text]]></MsgType>
<Content><![CDATA[2]]></Content>
<MsgId>22301015340478322</MsgId>
</xml>
2019-05-13 11:45:19<xml><ToUserName><![CDATA[gh_674105883d75]]></ToUserName>
<FromUserName><![CDATA[ojOMz5vve_NeK-jQJkpKdTJx-O5I]]></FromUserName>
<CreateTime>1557719119</CreateTime>
<MsgType><![CDATA[event]]></MsgType>
<Event><![CDATA[VIEW]]></Event>
<EventKey><![CDATA[https://y.qq.com/]]></EventKey>
<MenuId>439679509</MenuId>
</xml>
2019-05-13 11:59:04<xml><ToUserName><![CDATA[gh_674105883d75]]></ToUserName>
<FromUserName><![CDATA[ojOMz5vve_NeK-jQJkpKdTJx-O5I]]></FromUserName>
<CreateTime>1557719944</CreateTime>
<MsgType><![CDATA[event]]></MsgType>
<Event><![CDATA[VIEW]]></Event>
<EventKey><![CDATA[https://y.qq.com/]]></EventKey>
<MenuId>439679509</MenuId>
</xml>
2019-05-13 11:59:20<xml><ToUserName><![CDATA[gh_674105883d75]]></ToUserName>
<FromUserName><![CDATA[ojOMz5vve_NeK-jQJkpKdTJx-O5I]]></FromUserName>
<CreateTime>1557719960</CreateTime>
<MsgType><![CDATA[event]]></MsgType>
<Event><![CDATA[VIEW]]></Event>
<EventKey><![CDATA[https://y.qq.com/]]></EventKey>
<MenuId>439679509</MenuId>
</xml>
2019-05-13 11:59:28<xml><ToUserName><![CDATA[gh_674105883d75]]></ToUserName>
<FromUserName><![CDATA[ojOMz5vve_NeK-jQJkpKdTJx-O5I]]></FromUserName>
<CreateTime>1557719968</CreateTime>
<MsgType><![CDATA[event]]></MsgType>
<Event><![CDATA[VIEW]]></Event>
<EventKey><![CDATA[https://www.baidu.com]]></EventKey>
<MenuId>439679516</MenuId>
</xml>
2019-05-13 16:45:20<xml><ToUserName><![CDATA[gh_674105883d75]]></ToUserName>
<FromUserName><![CDATA[ojOMz5vve_NeK-jQJkpKdTJx-O5I]]></FromUserName>
<CreateTime>1557737120</CreateTime>
<MsgType><![CDATA[event]]></MsgType>
<Event><![CDATA[CLICK]]></Event>
<EventKey><![CDATA[V1001_GOOD]]></EventKey>
</xml>
2019-05-13 16:45:22<xml><ToUserName><![CDATA[gh_674105883d75]]></ToUserName>
<FromUserName><![CDATA[ojOMz5vve_NeK-jQJkpKdTJx-O5I]]></FromUserName>
<CreateTime>1557737122</CreateTime>
<MsgType><![CDATA[event]]></MsgType>
<Event><![CDATA[CLICK]]></Event>
<EventKey><![CDATA[V1001_GOOD]]></EventKey>
</xml>
2019-05-13 16:45:27<xml><ToUserName><![CDATA[gh_674105883d75]]></ToUserName>
<FromUserName><![CDATA[ojOMz5vve_NeK-jQJkpKdTJx-O5I]]></FromUserName>
<CreateTime>1557737127</CreateTime>
<MsgType><![CDATA[event]]></MsgType>
<Event><![CDATA[unsubscribe]]></Event>
<EventKey><![CDATA[]]></EventKey>
</xml>
2019-05-13 16:45:43<xml><ToUserName><![CDATA[gh_674105883d75]]></ToUserName>
<FromUserName><![CDATA[ojOMz5vve_NeK-jQJkpKdTJx-O5I]]></FromUserName>
<CreateTime>1557737143</CreateTime>
<MsgType><![CDATA[event]]></MsgType>
<Event><![CDATA[subscribe]]></Event>
<EventKey><![CDATA[]]></EventKey>
</xml>
2019-05-13 16:45:46<xml><ToUserName><![CDATA[gh_674105883d75]]></ToUserName>
<FromUserName><![CDATA[ojOMz5vve_NeK-jQJkpKdTJx-O5I]]></FromUserName>
<CreateTime>1557737146</CreateTime>
<MsgType><![CDATA[event]]></MsgType>
<Event><![CDATA[CLICK]]></Event>
<EventKey><![CDATA[V1001_GOOD]]></EventKey>
</xml>
2019-05-13 16:45:49<xml><ToUserName><![CDATA[gh_674105883d75]]></ToUserName>
<FromUserName><![CDATA[ojOMz5vve_NeK-jQJkpKdTJx-O5I]]></FromUserName>
<CreateTime>1557737149</CreateTime>
<MsgType><![CDATA[event]]></MsgType>
<Event><![CDATA[CLICK]]></Event>
<EventKey><![CDATA[V1001_GOOD]]></EventKey>
</xml>
2019-05-13 16:45:53<xml><ToUserName><![CDATA[gh_674105883d75]]></ToUserName>
<FromUserName><![CDATA[ojOMz5vve_NeK-jQJkpKdTJx-O5I]]></FromUserName>
<CreateTime>1557737153</CreateTime>
<MsgType><![CDATA[event]]></MsgType>
<Event><![CDATA[VIEW]]></Event>
<EventKey><![CDATA[https://y.qq.com/]]></EventKey>
<MenuId>439679594</MenuId>
</xml>
2019-05-13 17:07:23<xml><ToUserName><![CDATA[gh_674105883d75]]></ToUserName>
<FromUserName><![CDATA[ojOMz5vve_NeK-jQJkpKdTJx-O5I]]></FromUserName>
<CreateTime>1557738442</CreateTime>
<MsgType><![CDATA[event]]></MsgType>
<Event><![CDATA[CLICK]]></Event>
<EventKey><![CDATA[V1001_GOOD]]></EventKey>
</xml>
