2019-05-29 11:11:47
<xml><appid><![CDATA[wxd5af665b240b75d4]]></appid>
<bank_type><![CDATA[CFT]]></bank_type>
<cash_fee><![CDATA[1]]></cash_fee>
<fee_type><![CDATA[CNY]]></fee_type>
<is_subscribe><![CDATA[N]]></is_subscribe>
<mch_id><![CDATA[1500086022]]></mch_id>
<nonce_str><![CDATA[u0vkYfs4JDEkUwdd]]></nonce_str>
<openid><![CDATA[osZaFw0svRpBW1fTu5xMtqQsqeRA]]></openid>
<out_trade_no><![CDATA[1559099252wwl12361963]]></out_trade_no>
<result_code><![CDATA[SUCCESS]]></result_code>
<return_code><![CDATA[SUCCESS]]></return_code>
<sign><![CDATA[4639249B66C34089F5C9874CDB986562]]></sign>
<time_end><![CDATA[20190529110744]]></time_end>
<total_fee>1</total_fee>
<trade_type><![CDATA[NATIVE]]></trade_type>
<transaction_id><![CDATA[4200000291201905297225367795]]></transaction_id>
</xml>
<<<<<<<2019-05-29 11:11:49
<xml><appid><![CDATA[wxd5af665b240b75d4]]></appid>
<bank_type><![CDATA[CFT]]></bank_type>
<cash_fee><![CDATA[1]]></cash_fee>
<fee_type><![CDATA[CNY]]></fee_type>
<is_subscribe><![CDATA[N]]></is_subscribe>
<mch_id><![CDATA[1500086022]]></mch_id>
<nonce_str><![CDATA[gIz5HMxdSBL62Eli]]></nonce_str>
<openid><![CDATA[osZaFw0svRpBW1fTu5xMtqQsqeRA]]></openid>
<out_trade_no><![CDATA[1559099431wwl12331474]]></out_trade_no>
<result_code><![CDATA[SUCCESS]]></result_code>
<return_code><![CDATA[SUCCESS]]></return_code>
<sign><![CDATA[3CCE793F738F361674DEA60FD9C22EF8]]></sign>
<time_end><![CDATA[20190529111047]]></time_end>
<total_fee>1</total_fee>
<trade_type><![CDATA[NATIVE]]></trade_type>
<transaction_id><![CDATA[4200000289201905292282808182]]></transaction_id>
</xml>
<<<<<<<2019-05-29 11:12:05
<xml><appid><![CDATA[wxd5af665b240b75d4]]></appid>
<bank_type><![CDATA[CFT]]></bank_type>
<cash_fee><![CDATA[1]]></cash_fee>
<fee_type><![CDATA[CNY]]></fee_type>
<is_subscribe><![CDATA[N]]></is_subscribe>
<mch_id><![CDATA[1500086022]]></mch_id>
<nonce_str><![CDATA[MXQEbcN4oDlbswQ7]]></nonce_str>
<openid><![CDATA[osZaFw0svRpBW1fTu5xMtqQsqeRA]]></openid>
<out_trade_no><![CDATA[1559099508wwl12320129]]></out_trade_no>
<result_code><![CDATA[SUCCESS]]></result_code>
<return_code><![CDATA[SUCCESS]]></return_code>
<sign><![CDATA[A65566FDD5134FC6B7C21C857B5939E2]]></sign>
<time_end><![CDATA[20190529111204]]></time_end>
<total_fee>1</total_fee>
<trade_type><![CDATA[NATIVE]]></trade_type>
<transaction_id><![CDATA[4200000303201905292689676318]]></transaction_id>
</xml>
<<<<<<<